-------------------------------------------------------------------------------
Test set: LazyConcurrentBlockingIntQueueTest
-------------------------------------------------------------------------------
Tests run: 7, Failures: 3, Errors: 0, Skipped: 0, Time elapsed: 7.758 sec <<< FAILURE!
LazyConcurrentBlockingIntQueueTest.testRead()  Time elapsed: 0.001 sec  <<< FAILURE!
java.lang.NoClassDefFoundError: junit/framework/Assert
	at LazyConcurrentBlockingIntQueueTest.testRead(LazyConcurrentBlockingIntQueueTest.java:19)
Caused by: java.lang.ClassNotFoundException: junit.framework.Assert
	at java.net.URLClassLoader$1.run(URLClassLoader.java:366)
	at java.net.URLClassLoader$1.run(URLClassLoader.java:355)
	at java.security.AccessController.doPrivileged(Native Method)
	at java.net.URLClassLoader.findClass(URLClassLoader.java:354)
	at java.lang.ClassLoader.loadClass(ClassLoader.java:423)
	at sun.misc.Launcher$AppClassLoader.loadClass(Launcher.java:308)
	at java.lang.ClassLoader.loadClass(ClassLoader.java:356)
	... 19 more

LazyConcurrentBlockingIntQueueTest.testRead2()  Time elapsed: 0 sec  <<< FAILURE!
java.lang.NoClassDefFoundError: junit/framework/Assert
	at LazyConcurrentBlockingIntQueueTest.testRead2(LazyConcurrentBlockingIntQueueTest.java:28)

LazyConcurrentBlockingIntQueueTest.testReadLoop()  Time elapsed: 0 sec  <<< FAILURE!
java.lang.NoClassDefFoundError: junit/framework/Assert
	at LazyConcurrentBlockingIntQueueTest.testReadLoop(LazyConcurrentBlockingIntQueueTest.java:40)

